<?xml version="1.0" encoding="UTF-8"?>
<testsuite xmlns:xsi="http://www.w3.org/2001/XMLSchema-instance" xsi:noNamespaceSchemaLocation="https://maven.apache.org/surefire/maven-surefire-plugin/xsd/surefire-test-report-3.0.xsd" version="3.0" name="com.katzenklappe.smartHome.SmartHomeApplicationTests" time="8.535" tests="1" errors="0" skipped="0" failures="0">
  <properties>
[...]
</properties>
  <testcase name="contextLoads" classname="com.katzenklappe.smartHome.SmartHomeApplicationTests" time="0.686">
    <system-out><![CDATA[22:40:45.726 [main] INFO org.springframework.test.context.support.AnnotationConfigContextLoaderUtils -- Could not detect default configuration classes for test class [com.katzenklappe.smartHome.SmartHomeApplicationTests]: SmartHomeApplicationTests does not declare any static, non-private, non-final, nested classes annotated with @Configuration.
22:40:45.908 [main] INFO org.springframework.boot.test.context.SpringBootTestContextBootstrapper -- Found @SpringBootConfiguration com.katzenklappe.smartHome.SmartHomeApplication for test class com.katzenklappe.smartHome.SmartHomeApplicationTests

  .   ____          _            __ _ _
 /\\ / ___'_ __ _ _(_)_ __  __ _ \ \ \ \
( ( )\___ | '_ | '_| | '_ \/ _` | \ \ \ \
 \\/  ___)| |_)| | | | | || (_| |  ) ) ) )
  '  |____| .__|_| |_|_| |_\__, | / / / /
 =========|_|==============|___/=/_/_/_/
 :: Spring Boot ::                (v3.2.4)

2024-12-08T22:40:46.457+01:00  INFO 91420 --- [smartHome] [           main] c.k.smartHome.SmartHomeApplicationTests  : Starting SmartHomeApplicationTests using Java 17 with PID 91420 (started by jwa_h in /Users/jwa_h/IdeaProjects/smartHome)
2024-12-08T22:40:46.460+01:00  INFO 91420 --- [smartHome] [           main] c.k.smartHome.SmartHomeApplicationTests  : No active profile set, falling back to 1 default profile: "default"
2024-12-08T22:40:47.921+01:00  INFO 91420 --- [smartHome] [           main] .s.d.r.c.RepositoryConfigurationDelegate : Bootstrapping Spring Data JPA repositories in DEFAULT mode.
2024-12-08T22:40:48.081+01:00  INFO 91420 --- [smartHome] [           main] .s.d.r.c.RepositoryConfigurationDelegate : Finished Spring Data repository scanning in 153 ms. Found 2 JPA repository interfaces.
2024-12-08T22:40:49.080+01:00  INFO 91420 --- [smartHome] [           main] com.zaxxer.hikari.HikariDataSource       : HikariPool-1 - Starting...
2024-12-08T22:40:49.256+01:00  INFO 91420 --- [smartHome] [           main] com.zaxxer.hikari.pool.HikariPool        : HikariPool-1 - Added connection conn0: url=jdbc:h2:mem:testdb user=SA
2024-12-08T22:40:49.259+01:00  INFO 91420 --- [smartHome] [           main] com.zaxxer.hikari.HikariDataSource       : HikariPool-1 - Start completed.
2024-12-08T22:40:49.368+01:00  INFO 91420 --- [smartHome] [           main] o.hibernate.jpa.internal.util.LogHelper  : HHH000204: Processing PersistenceUnitInfo [name: default]
2024-12-08T22:40:49.476+01:00  INFO 91420 --- [smartHome] [           main] org.hibernate.Version                    : HHH000412: Hibernate ORM core version 6.4.4.Final
2024-12-08T22:40:49.542+01:00  INFO 91420 --- [smartHome] [           main] o.h.c.internal.RegionFactoryInitiator    : HHH000026: Second-level cache disabled
2024-12-08T22:40:49.782+01:00  INFO 91420 --- [smartHome] [           main] o.s.o.j.p.SpringPersistenceUnitInfo      : No LoadTimeWeaver setup: ignoring JPA class transformer
2024-12-08T22:40:49.846+01:00  WARN 91420 --- [smartHome] [           main] org.hibernate.orm.deprecation            : HHH90000025: H2Dialect does not need to be specified explicitly using 'hibernate.dialect' (remove the property setting and it will be selected by default)
2024-12-08T22:40:50.542+01:00  INFO 91420 --- [smartHome] [           main] o.h.m.i.EntityInstantiatorPojoStandard   : HHH000182: No default (no-argument) constructor for class: com.katzenklappe.smartHome.Entities.SmartHomeController (class must be instantiated by Interceptor)
2024-12-08T22:40:50.636+01:00  INFO 91420 --- [smartHome] [           main] o.h.m.i.EntityInstantiatorPojoStandard   : HHH000182: No default (no-argument) constructor for class: com.katzenklappe.smartHome.Entities.APIKey (class must be instantiated by Interceptor)
2024-12-08T22:40:50.668+01:00  INFO 91420 --- [smartHome] [           main] o.h.m.i.EntityInstantiatorPojoStandard   : HHH000182: No default (no-argument) constructor for class: com.katzenklappe.smartHome.Entities.LightSwitch (class must be instantiated by Interceptor)
2024-12-08T22:40:50.799+01:00  INFO 91420 --- [smartHome] [           main] o.h.e.t.j.p.i.JtaPlatformInitiator       : HHH000489: No JTA platform available (set 'hibernate.transaction.jta.platform' to enable JTA platform integration)
2024-12-08T22:40:50.852+01:00  INFO 91420 --- [smartHome] [           main] j.LocalContainerEntityManagerFactoryBean : Initialized JPA EntityManagerFactory for persistence unit 'default'
2024-12-08T22:40:51.548+01:00  WARN 91420 --- [smartHome] [           main] c.katzenklappe.smartHome.misc.ConnectSH  : smarthome01: nodename nor servname provided, or not known
2024-12-08T22:40:51.591+01:00  WARN 91420 --- [smartHome] [           main] c.katzenklappe.smartHome.misc.ConnectSH  : smarthome02: nodename nor servname provided, or not known
2024-12-08T22:40:51.625+01:00  INFO 91420 --- [smartHome] [           main] c.katzenklappe.smartHome.misc.ConnectSH  : Host: smarthome03/192.168.178.73
2024-12-08T22:40:51.722+01:00  INFO 91420 --- [smartHome] [           main] c.katzenklappe.smartHome.misc.ConnectSH  : Found smart home device at 192.168.178.73
2024-12-08T22:40:51.869+01:00  WARN 91420 --- [smartHome] [           main] JpaBaseConfiguration$JpaWebConfiguration : spring.jpa.open-in-view is enabled by default. Therefore, database queries may be performed during view rendering. Explicitly configure spring.jpa.open-in-view to disable this warning
2024-12-08T22:40:52.131+01:00  WARN 91420 --- [smartHome] [           main] .s.s.UserDetailsServiceAutoConfiguration : 

Using generated security password: 993aae5f-92bf-4f34-9e3c-e03ab0563596

This generated password is for development use only. Your security configuration must be updated before running your application in production.

2024-12-08T22:40:52.689+01:00  INFO 91420 --- [smartHome] [           main] o.s.s.web.DefaultSecurityFilterChain     : Will secure any request with [org.springframework.security.web.session.DisableEncodeUrlFilter@8a8cab8, org.springframework.security.web.context.request.async.WebAsyncManagerIntegrationFilter@7d48299e, org.springframework.security.web.context.SecurityContextHolderFilter@3b8c15de, org.springframework.security.web.header.HeaderWriterFilter@1bd6bfb0, org.springframework.web.filter.CorsFilter@17810908, org.springframework.security.web.authentication.logout.LogoutFilter@58829c2c, com.katzenklappe.smartHome.Services.AuthenticationFilter@174d5cf7, org.springframework.security.web.authentication.www.BasicAuthenticationFilter@bafc754, org.springframework.security.web.savedrequest.RequestCacheAwareFilter@64ff0eaa, org.springframework.security.web.servletapi.SecurityContextHolderAwareRequestFilter@401b7226, org.springframework.security.web.authentication.AnonymousAuthenticationFilter@597eb9ac, org.springframework.security.web.session.SessionManagementFilter@7c35d7d, org.springframework.security.web.access.ExceptionTranslationFilter@edf4973, org.springframework.security.web.access.intercept.AuthorizationFilter@5319efc0]
2024-12-08T22:40:53.193+01:00  INFO 91420 --- [smartHome] [           main] o.s.b.a.h2.H2ConsoleAutoConfiguration    : H2 console available at '/h2-console'. Database available at 'jdbc:h2:mem:testdb'
2024-12-08T22:40:53.314+01:00  INFO 91420 --- [smartHome] [           main] c.k.smartHome.SmartHomeApplicationTests  : Started SmartHomeApplicationTests in 7.239 seconds (process running for 8.686)
]]></system-out>
    <system-err><![CDATA[SLF4J(I): Connected with provider of type [ch.qos.logback.classic.spi.LogbackServiceProvider]
]]></system-err>
  </testcase>
</testsuite>